2024-11-03 08:44:47,387 - INFO - Starting stock analysis script...
2024-11-03 08:44:47,388 - INFO - Configuration loaded successfully
2024-11-03 08:44:47,389 - INFO - Configuration loaded successfully
2024-11-03 08:44:47,393 - INFO - Loaded 2477 stock scores
2024-11-03 08:44:47,393 - INFO - Processing long positions...
2024-11-03 08:45:52,734 - INFO - Successfully saved data to investing_stocks.csv
2024-11-03 08:45:52,734 - INFO - Found 0 long positions
2024-11-03 08:45:52,734 - INFO - Processing short positions...
2024-11-03 08:49:42,620 - INFO - Successfully saved data to short_stocks.csv
2024-11-03 08:49:42,620 - INFO - Found 0 short positions
2024-11-03 08:49:42,621 - INFO - Getting market analysis...
2024-11-03 08:49:43,093 - INFO - Preparing and sending email...
2024-11-03 08:49:43,094 - ERROR - Error in main execution: send_email() missing 2 required positional arguments: 'from_email' and 'password'
2024-11-03 08:49:43,094 - INFO - -------- End of Script --------
2024-11-03 09:17:16,396 - INFO - Starting stock analysis script...
2024-11-03 09:17:16,397 - INFO - Configuration loaded successfully
2024-11-03 09:17:16,397 - INFO - Configuration loaded successfully
2024-11-03 09:17:16,402 - INFO - Loaded 2477 stock scores
2024-11-03 09:17:16,402 - INFO - Processing long positions...
2024-11-03 09:18:21,398 - INFO - Successfully saved data to investing_stocks.csv
2024-11-03 09:18:21,398 - INFO - Found 0 long positions
2024-11-03 09:18:21,398 - INFO - Processing short positions...
2024-11-03 09:22:11,486 - INFO - Successfully saved data to short_stocks.csv
2024-11-03 09:22:11,486 - INFO - Found 0 short positions
2024-11-03 09:22:11,487 - INFO - Getting market analysis...
2024-11-03 09:22:11,830 - INFO - Preparing and sending email...
2024-11-03 09:22:12,591 - INFO - Stock analysis completed successfully
2024-11-03 09:22:12,591 - INFO - -------- End of Script --------
2024-11-03 09:26:21,301 - INFO - Starting stock analysis script...
2024-11-03 09:26:21,302 - INFO - Configuration loaded successfully
2024-11-03 09:26:21,302 - INFO - Configuration loaded successfully
2024-11-03 09:26:21,307 - INFO - Loaded 2477 stock scores
2024-11-03 09:26:21,307 - INFO - Processing long positions...
2024-11-03 09:27:26,041 - INFO - Successfully saved data to investing_stocks.csv
2024-11-03 09:27:26,041 - INFO - Found 0 long positions
2024-11-03 09:27:26,041 - INFO - Processing short positions...
2024-11-03 09:31:16,250 - INFO - Successfully saved data to short_stocks.csv
2024-11-03 09:31:16,250 - INFO - Found 6 short positions
2024-11-03 09:31:16,252 - INFO - Getting market analysis...
2024-11-03 09:31:16,711 - INFO - Preparing and sending email...
2024-11-03 09:31:17,474 - INFO - Stock analysis completed successfully
2024-11-03 09:31:17,474 - INFO - -------- End of Script --------
2024-11-17 18:30:31,170 - INFO - Starting stock analysis script...
2024-11-17 18:30:31,171 - INFO - Configuration loaded successfully
2024-11-17 18:30:31,171 - INFO - Configuration loaded successfully
2024-11-17 18:30:31,172 - INFO - Email handler initialized
2024-11-17 18:30:31,177 - INFO - Loaded 2477 stock scores
2024-11-17 18:30:31,177 - INFO - Processing long positions...
2024-11-17 18:32:42,692 - INFO - Successfully saved data to investing_stocks.csv
2024-11-17 18:32:42,693 - INFO - Found 1 long positions
2024-11-17 18:32:42,693 - INFO - Processing short positions...
2024-11-17 18:36:46,666 - INFO - Successfully saved data to short_stocks.csv
2024-11-17 18:36:46,666 - INFO - Found 5 short positions
2024-11-17 18:36:46,667 - INFO - Getting market analysis...
2024-11-17 18:36:47,072 - INFO - Preparing email content...
2024-11-17 18:36:47,076 - INFO - Sending email...
2024-11-17 18:36:47,823 - INFO - Stock analysis completed successfully
2024-11-17 18:36:47,823 - INFO - -------- End of Script --------
2024-11-17 18:40:11,711 - INFO - Starting analysis scripts...
2024-11-17 18:40:11,712 - INFO - Configuration loaded successfully
2024-11-17 18:40:11,713 - INFO - Configuration loaded successfully
2024-11-17 18:40:11,713 - ERROR - Error in main execution: [Errno 2] No such file or directory: 'config.yml'
2024-11-17 18:40:11,713 - INFO - -------- End of Script --------
2024-11-17 18:40:31,424 - INFO - Starting analysis scripts...
2024-11-17 18:40:31,426 - INFO - Configuration loaded successfully
2024-11-17 18:40:31,426 - INFO - Configuration loaded successfully
2024-11-17 18:40:31,427 - INFO - Email handler initialized
2024-11-17 18:40:31,427 - INFO - Starting stock analysis...
2024-11-17 18:40:31,432 - INFO - Loaded 2477 stock scores
2024-11-17 18:40:31,432 - INFO - Processing long positions...
2024-11-17 18:42:42,554 - INFO - Successfully saved data to investing_stocks.csv
2024-11-17 18:42:42,555 - INFO - Found 1 long positions
2024-11-17 18:42:42,556 - INFO - Processing short positions...
2024-11-17 18:46:50,094 - INFO - Successfully saved data to short_stocks.csv
2024-11-17 18:46:50,094 - INFO - Found 5 short positions
2024-11-17 18:46:50,565 - INFO - Preparing stock analysis email...
2024-11-17 18:46:51,245 - INFO - Stock analysis email sent successfully
2024-11-17 18:46:51,245 - INFO - Running portfolio analysis...
2024-11-17 18:46:51,246 - ERROR - Error sending portfolio analysis email: [Errno 2] No such file or directory: 'current_stock_portfolio.csv'
2024-11-17 18:46:51,246 - ERROR - Error in main execution: [Errno 2] No such file or directory: 'current_stock_portfolio.csv'
2024-11-17 18:46:51,246 - INFO - -------- End of Script --------
2024-11-17 18:47:52,051 - INFO - Starting analysis scripts...
2024-11-17 18:47:52,052 - INFO - Configuration loaded successfully
2024-11-17 18:47:52,052 - INFO - Configuration loaded successfully
2024-11-17 18:47:52,053 - INFO - Email handler initialized
2024-11-17 18:47:52,053 - INFO - Starting stock analysis...
2024-11-17 18:47:52,058 - INFO - Loaded 2477 stock scores
2024-11-17 18:47:52,058 - INFO - Processing long positions...
2024-11-17 18:50:03,613 - INFO - Successfully saved data to investing_stocks.csv
2024-11-17 18:50:03,613 - INFO - Found 1 long positions
2024-11-17 18:50:03,614 - INFO - Processing short positions...
2024-11-17 18:54:06,766 - INFO - Successfully saved data to short_stocks.csv
2024-11-17 18:54:06,767 - INFO - Found 5 short positions
2024-11-17 18:54:07,220 - INFO - Preparing stock analysis email...
2024-11-17 18:54:07,971 - INFO - Stock analysis email sent successfully
2024-11-17 18:54:07,972 - INFO - Running portfolio analysis...
2024-11-17 18:54:09,026 - INFO - Preparing portfolio analysis email...
2024-11-17 18:54:09,595 - INFO - Portfolio analysis email sent successfully
2024-11-17 18:54:09,595 - INFO - All analyses completed successfully
2024-11-17 18:54:09,595 - INFO - -------- End of Script --------
2024-11-18 06:35:27,183 - INFO - Starting analysis scripts...
2024-11-18 06:35:27,185 - INFO - Configuration loaded successfully
2024-11-18 06:35:27,185 - INFO - Configuration loaded successfully
2024-11-18 06:35:27,186 - INFO - Email handler initialized
2024-11-18 06:35:27,186 - INFO - Starting stock analysis...
2024-11-18 06:35:27,193 - INFO - Loaded 2477 stock scores
2024-11-18 06:35:27,193 - INFO - Processing long positions...
2024-11-18 06:37:37,440 - INFO - Successfully saved data to data/investing_stocks.csv
2024-11-18 06:37:37,440 - INFO - Found 0 long positions
2024-11-18 06:37:37,440 - INFO - Processing short positions...
2024-11-18 06:41:38,494 - INFO - Successfully saved data to data/short_stocks.csv
2024-11-18 06:41:38,495 - INFO - Found 5 short positions
2024-11-18 06:41:39,019 - INFO - Preparing stock analysis email...
2024-11-18 06:41:39,989 - INFO - Stock analysis email sent successfully
2024-11-18 06:41:39,989 - INFO - Running portfolio analysis...
2024-11-18 06:41:39,989 - ERROR - Error sending portfolio analysis email: 'Config' object has no attribute 'portfolio'
2024-11-18 06:41:39,989 - ERROR - Error in main execution: 'Config' object has no attribute 'portfolio'
2024-11-18 06:41:39,989 - INFO - -------- End of Script --------
2024-11-18 06:49:07,428 - INFO - Starting analysis scripts...
2024-11-18 06:49:07,429 - INFO - Configuration loaded successfully
2024-11-18 06:49:07,429 - ERROR - Error in main execution: [Errno 2] No such file or directory: 'config.yml'
2024-11-18 06:49:07,430 - INFO - -------- End of Script --------
2024-11-18 06:49:33,452 - INFO - Starting analysis scripts...
2024-11-18 06:49:33,453 - INFO - Configuration loaded successfully
2024-11-18 06:49:33,454 - ERROR - Error in main execution: property 'email' of 'Config' object has no setter
2024-11-18 06:49:33,454 - INFO - -------- End of Script --------
2024-11-18 06:49:37,866 - INFO - Starting analysis scripts...
2024-11-18 06:49:37,867 - INFO - Configuration loaded successfully
2024-11-18 06:49:37,868 - ERROR - Error in main execution: property 'email' of 'Config' object has no setter
2024-11-18 06:49:37,868 - INFO - -------- End of Script --------
2024-11-18 06:53:10,327 - INFO - Starting analysis scripts...
2024-11-18 06:53:10,328 - INFO - Configuration loaded successfully
2024-11-18 06:53:10,328 - INFO - Configuration loaded successfully
2024-11-18 06:53:10,329 - INFO - Email handler initialized
2024-11-18 06:53:10,329 - INFO - Starting stock analysis...
2024-11-18 06:53:10,335 - INFO - Loaded 2477 stock scores
2024-11-18 06:53:10,335 - INFO - Processing long positions...
2024-11-18 06:55:20,265 - INFO - Successfully saved data to data/investing_stocks.csv
2024-11-18 06:55:20,266 - INFO - Found 0 long positions
2024-11-18 06:55:20,266 - INFO - Processing short positions...
2024-11-18 06:59:21,179 - INFO - Successfully saved data to data/short_stocks.csv
2024-11-18 06:59:21,180 - INFO - Found 5 short positions
2024-11-18 06:59:21,586 - INFO - Preparing stock analysis email...
2024-11-18 06:59:22,300 - INFO - Stock analysis email sent successfully
2024-11-18 06:59:22,300 - INFO - Running portfolio analysis...
2024-11-18 06:59:23,414 - INFO - Preparing portfolio analysis email...
2024-11-18 06:59:24,128 - INFO - Portfolio analysis email sent successfully
2024-11-18 06:59:24,128 - INFO - All analyses completed successfully
2024-11-18 06:59:24,128 - INFO - -------- End of Script --------
2024-11-18 07:58:24,036 - INFO - Starting analysis scripts...
2024-11-18 07:58:24,036 - ERROR - Error loading configuration: Configuration file not found at: /Users/chas/Documents/01 Projects/Funny Farm Capital/utils/config.yaml
2024-11-18 07:58:24,036 - ERROR - Error in main execution: Configuration file not found at: /Users/chas/Documents/01 Projects/Funny Farm Capital/utils/config.yaml
2024-11-18 07:58:24,036 - INFO - -------- End of Script --------
2024-11-18 08:03:44,877 - INFO - Starting analysis scripts...
2024-11-18 08:03:44,878 - INFO - Configuration loaded successfully
2024-11-18 08:03:44,878 - INFO - Configuration loaded successfully
2024-11-18 08:03:44,879 - INFO - Email handler initialized
2024-11-18 08:03:44,879 - INFO - Starting stock analysis...
2024-11-18 08:03:44,885 - INFO - Loaded 2477 stock scores
2024-11-18 08:03:44,885 - INFO - Processing long positions...
2024-11-18 08:05:55,664 - INFO - Successfully saved data to data/investing_stocks.csv
2024-11-18 08:05:55,665 - INFO - Found 0 long positions
2024-11-18 08:05:55,665 - INFO - Processing short positions...
2024-11-18 08:09:57,775 - INFO - Successfully saved data to data/short_stocks.csv
2024-11-18 08:09:57,775 - INFO - Found 5 short positions
2024-11-18 08:09:58,261 - INFO - Preparing stock analysis email...
2024-11-18 08:09:59,339 - INFO - Stock analysis email sent successfully
2024-11-18 08:09:59,339 - INFO - Running portfolio analysis...
2024-11-18 08:10:00,517 - INFO - Preparing portfolio analysis email...
2024-11-18 08:10:01,245 - INFO - Portfolio analysis email sent successfully
2024-11-18 08:10:01,245 - INFO - All analyses completed successfully
2024-11-18 08:10:01,245 - INFO - -------- End of Script --------
